6
6
1741
279 202
278 201
277 200
276 199
275 198
274 197
273 196
272 195
271 194
270 193
269 192
268 191
267 190
266 189
265 188
264 187
263 186
262 185
261 184
260 183
259 182
258 181
257 180
256 179
255 178
254 177
253 176
252 175
251 174
250 173
249 172
248 171
247 170
246 169
245 168
244 167
243 166
242 165
241 164
240 163
239 162
238 161
237 160
236 159
235 158
234 157
233 156
232 155
231 154
230 153
229 152
228 151
227 150
226 149
225 148
224 147
223 146
222 145
221 144
220 143
219 142
218 141
217 140
216 139
215 138
214 137
213 136
212 135
211 134
210 133
209 132
208 131
207 130
206 129
205 128
204 127
203 126
202 125
201 124
200 123
199 122
198 121
197 120
196 119
195 118
194 117
193 116
192 115
191 114
190 113
189 112
188 111
187 110
186 109
185 108
184 107
183 106
182 105
181 104
180 103
179 102
178 101
177 100
176 99
175 98
174 97
173 96
172 95
171 94
170 93
169 92
168 91
167 90
166 89
165 88
164 87
163 86
162 85
161 84
160 83
159 82
158 81
157 80
156 79
155 78
154 77
153 76
152 75
151 74
150 73
149 72
148 71
147 70
146 69
145 68
144 67
143 66
142 65
141 64
140 63
139 62
138 61
137 60
136 59
135 58
134 57
133 56
132 55
131 54
130 53
129 52
128 51
127 50
126 49
125 48
124 47
123 46
122 45
121 44
120 43
119 42
118 41
117 40
116 39
115 38
114 37
113 36
112 35
111 34
110 33
109 32
108 31
107 30
106 29
105 28
104 27
103 26
102 25
101 24
100 23
99 22
98 22
97 22
96 22
95 22
94 22
93 22
92 22
91 22
90 22
89 22
88 22
87 22
86 22
85 22
84 22
83 22
82 22
81 22
80 22
79 22
78 22
77 22
76 22
75 22
74 22
73 22
72 22
71 22
70 22
69 22
68 22
67 22
66 22
65 22
64 22
63 22
62 22
61 22
60 22
59 22
58 22
57 22
56 22
55 22
54 22
53 22
52 22
51 22
62 21
62 20
62 19
62 18
62 17
62 16
62 15
50 21
49 20
48 19
47 18
46 17
46 17
79 21
79 20
79 19
79 18
79 17
79 16
79 15
100 21
100 20
100 19
100 18
100 17
101 19
102 19
87 21
87 20
230 151
231 150
232 149
233 148
234 147
235 146
236 145
237 144
238 143
239 142
240 141
241 140
242 139
243 138
244 137
245 136
246 135
247 134
248 133
249 132
250 131
251 130
252 129
253 128
254 127
255 126
256 125
257 124
258 123
259 122
260 121
261 120
262 119
263 118
264 117
265 116
266 115
267 114
268 113
269 112
270 111
271 110
272 109
273 108
274 107
275 106
276 105
277 104
278 103
279 102
280 101
281 100
282 99
283 98
284 97
285 96
286 95
287 94
288 93
289 92
290 91
291 90
292 89
293 88
294 87
295 86
296 85
297 84
298 83
299 82
300 81
301 80
302 79
303 78
304 77
305 76
306 75
307 74
308 73
309 72
310 71
311 70
312 69
313 68
314 67
315 66
316 65
317 64
318 63
319 62
320 61
321 60
322 59
323 58
324 57
325 56
326 55
327 54
328 53
329 52
330 51
331 50
332 49
333 48
334 47
335 46
336 45
337 44
338 43
339 42
340 41
341 40
342 39
343 38
344 37
345 36
346 35
347 34
348 33
349 32
350 31
351 30
352 29
353 28
354 27
355 26
356 25
357 24
358 23
359 22
360 21
361 20
361 20
354 25
353 24
352 23
351 22
350 21
349 20
348 19
347 18
346 18
362 19
363 18
364 17
365 16
366 15
367 15
368 15
369 16
370 17
371 18
372 19
373 20
374 21
375 22
376 23
377 23
378 23
379 23
380 23
381 23
382 23
383 23
384 23
385 22
386 21
387 20
387 19
387 18
387 17
387 16
387 15
388 18
389 18
390 18
391 18
392 18
393 18
394 18
395 18
396 18
397 18
398 18
399 18
400 18
401 18
402 18
403 18
404 18
405 18
406 18
399 19
399 20
399 21
399 22
399 23
407 17
408 16
409 15
410 15
411 16
412 17
413 18
414 19
415 20
416 21
417 22
418 23
419 23
420 23
421 23
422 23
423 23
424 23
425 23
426 23
427 22
428 21
429 20
430 20
431 20
432 20
433 20
434 20
435 20
436 20
437 20
438 20
439 20
440 20
441 20
442 20
443 20
444 20
445 20
446 20
447 20
448 20
449 20
450 20
451 20
452 20
453 20
445 21
445 22
445 23
454 21
455 22
456 22
457 21
458 20
459 19
460 18
460 17
460 16
460 15
461 15
462 15
463 15
464 15
465 15
466 15
467 15
468 15
469 15
470 15
471 15
472 15
473 15
474 15
475 15
476 15
477 15
478 15
479 15
480 16
481 17
482 18
483 19
484 20
485 21
486 22
487 22
488 22
489 22
490 22
491 22
492 22
493 22
494 22
493 21
493 20
493 19
493 18
493 17
493 16
493 15
125 46
126 45
127 44
128 43
129 42
130 41
131 40
132 39
133 38
134 37
135 36
136 35
137 34
138 33
139 32
140 31
141 30
142 29
143 28
144 27
145 26
146 25
147 24
148 23
149 22
150 22
151 21
152 20
153 19
154 18
155 17
156 17
157 17
158 17
159 17
160 17
161 17
148 21
147 20
146 19
145 18
145 17
162 18
163 19
164 20
165 21
166 22
167 22
168 22
169 22
170 22
171 22
172 22
173 22
174 22
175 22
176 22
177 21
178 20
179 19
180 18
181 17
181 16
182 18
183 19
184 20
185 21
186 22
187 22
188 22
189 22
190 22
191 22
192 22
193 22
194 22
195 22
196 22
197 21
198 20
199 19
200 18
201 17
202 16
203 16
204 17
205 18
206 19
207 19
208 19
209 19
210 19
211 19
212 19
213 19
214 19
215 19
216 19
217 19
218 19
219 19
220 19
221 19
218 20
218 21
218 22
218 23
218 24
222 18
223 17
224 16
225 16
219 24
220 24
221 24
222 24
223 24
226 17
227 18
228 19
229 20
230 21
231 21
232 21
233 21
234 21
235 21
236 21
237 21
238 21
239 21
240 21
241 21
242 21
243 21
244 21
233 22
233 23
233 24
245 20
246 19
247 18
248 17
249 16
249 16
250 17
251 18
252 18
253 18
254 18
255 18
256 18
257 18
258 18
259 18
260 18
261 18
262 18
263 18
264 18
265 18
266 18
267 18
268 18
269 19
270 20
271 21
272 22
273 23
274 24
275 24
276 24
277 24
278 24
279 23
280 22
281 21
282 20
283 19
284 18
285 18
286 18
287 18
288 18
289 18
290 19
291 20
292 21
293 21
294 21
295 21
296 21
297 21
298 21
299 21
300 21
301 21
302 21
303 21
304 21
305 21
306 21
307 20
308 19
309 18
310 17
311 16
311 16
312 16
313 16
314 16
315 16
316 16
317 16
318 16
319 16
320 16
321 16
322 16
323 16
324 16
325 16
326 16
327 16
345 19
344 20
343 21
342 22
341 23
340 23
339 23
338 23
337 22
336 21
335 21
334 21
333 21
332 21
336 20
336 19
336 18
336 17
336 16
495 22
496 22
497 22
498 22
499 22
500 22
501 22
502 22
503 22
504 22
505 22
506 22
507 22
508 22
509 22
510 22
511 22
512 22
513 22
514 22
515 22
516 22
517 22
518 22
519 22
520 22
521 22
522 22
523 22
524 22
525 22
526 22
527 22
528 22
529 22
530 22
531 22
532 22
533 22
534 22
535 22
536 22
537 22
538 22
539 22
540 22
541 22
542 22
543 22
544 22
545 22
546 22
547 22
548 22
549 22
550 21
551 20
552 19
553 18
554 17
554 17
45 18
44 18
43 18
42 18
41 18
40 18
39 18
38 18
37 18
36 18
35 18
34 18
33 18
32 18
31 18
30 18
29 18
28 18
27 18
26 18
25 18
24 18
23 18
22 18
21 18
20 18
19 18
18 18
17 18
16 18
15 18
14 18
13 18
12 18
11 18
10 18
9 18
66 21
66 20
84 23
84 24
84 25
109 30
110 29
111 28
112 27
113 26
114 25
115 24
116 23
117 22
118 21
119 20
120 19
120 19
141 28
140 27
139 26
138 25
137 24
136 23
135 22
135 22
134 23
133 24
132 25
131 25
130 25
129 25
128 25
121 18
122 17
123 17
124 17
125 17
126 17
169 23
169 24
398 24
397 25
396 26
395 26
399 17
399 16
399 15
510 21
510 20
510 19
510 18
510 17
519 23
519 24
519 25
531 21
531 20
531 19
531 18
531 17
539 23
539 24
539 25
550 23
550 24
277 25
277 26
299 22
299 23
299 24
299 25
299 26
315 17
315 18
315 19
315 20
315 21
84 26
84 27
148 25
149 26
149 27
185 23
184 24
184 24
194 23
194 24
205 20
204 21
204 21
245 22
246 23
246 24
246 25
246 26
246 27
252 19
252 20
252 21
253 22
254 23
255 24
256 24
29 19
29 20
29 21
29 22
29 23
41 19
41 20
41 21
41 22
41 23
41 24
41 25
38 19
38 20
470 16
470 17
470 18
470 19
470 20
470 21
470 22
470 23
470 24
470 25
470 26
470 27
470 28
485 23
485 24
485 25
485 26
485 27
493 23
493 24
493 25
493 26
493 27
505 23
505 24
505 25
505 26
505 27
234 25
235 26
236 27
237 28
238 29
238 29
291 22
290 23
289 24
288 25
287 26
287 27
287 28
287 29
288 29
289 29
290 29
351 28
351 28
375 24
374 25
373 26
373 27
373 28
381 24
381 25
381 26
381 27
381 28
427 24
428 25
429 26
430 27
431 28
432 29
433 30
433 30
484 27
483 27
482 27
481 27
480 27
493 28
493 29
493 30
506 28
507 29
508 30
508 30
504 28
503 29
502 30
501 30
117 38
118 37
119 36
120 35
121 34
122 33
122 33
8 19
7 20
6 21
5 22
5 23
5 24
5 25
5 26
5 27
5 28
5 29
5 30
5 31
5 32
5 33
28 24
27 25
26 26
25 27
24 28
23 29
22 30
22 31
22 32
22 33
71 23
71 24
71 25
71 26
71 27
71 28
71 29
71 30
63 23
63 24
63 25
63 26
63 27
63 28
85 28
85 29
85 30
85 31
85 32
85 33
105 30
104 31
104 32
112 33
113 32
114 32
417 24
416 25
415 26
414 27
414 28
414 29
414 30
414 31
414 32
414 33
445 24
445 25
445 26
445 27
445 28
445 29
445 30
445 31
445 32
445 33
469 29
468 30
467 30
466 30
465 30
464 30
463 30
462 30
461 30
471 29
472 30
473 30
474 30
475 30
518 26
518 27
518 28
518 29
518 30
518 31
518 32
518 33
291 30
292 31
292 32
292 33
292 34
316 22
317 23
318 24
319 25
320 26
321 27
322 28
323 29
323 29
318 26
317 27
316 28
315 29
314 30
313 31
312 31
324 28
325 28
326 28
327 28
328 28
329 28
330 28
372 29
371 30
370 31
369 32
368 33
367 34
366 34
365 34
370 33
371 33
413 33
412 33
411 33
410 33
409 33
408 33
407 33
406 33
70 31
69 32
69 33
69 34
69 35
69 36
103 33
102 34
101 35
100 35
103 30
102 30
101 30
150 28
151 29
152 30
153 30
154 30
155 30
156 30
157 30
168 25
168 26
168 27
168 28
168 29
168 30
168 31
168 32
168 33
168 34
168 35
169 29
170 29
171 29
172 29
173 29
174 29
158 31
159 32
160 32
183 25
183 26
183 27
183 28
183 29
195 25
196 26
196 27
196 28
196 29
196 30
196 31
196 32
218 25
218 26
218 27
218 28
218 29
218 30
218 31
218 32
218 33
218 34
218 35
219 34
220 34
221 34
222 34
223 34
224 34
225 34
226 34
227 34
228 34
229 34
230 34
257 25
258 26
259 27
259 28
259 29
259 30
259 31
259 32
259 33
259 34
465 31
465 32
465 33
465 34
465 35
465 36
508 31
508 32
6 28
7 28
8 28
9 28
10 28
4 30
3 30
2 30
23 34
24 35
24 36
25 35
26 35
27 35
28 35
29 35
30 35
31 35
32 35
33 35
34 35
35 35
70 35
71 35
72 35
73 35
74 35
75 35
84 34
83 35
83 35
72 27
73 27
74 27
351 32
352 33
353 34
353 34
413 28
412 28
411 28
432 31
431 32
430 33
429 34
428 35
427 36
426 36
432 33
432 33
444 34
444 35
444 36
446 34
447 35
448 35
449 35
450 35
451 35
500 31
499 32
498 33
497 34
497 35
197 33
198 34
199 34
205 22
206 23
207 24
208 25
209 26
209 27
247 28
248 29
248 30
248 31
248 32
248 33
248 34
248 35
248 36
248 37
260 31
261 31
262 31
263 31
264 31
265 31
266 31
267 31
268 31
258 32
257 32
256 32
255 32
256 31
256 30
256 29
269 32
270 33
271 34
272 35
272 36
272 37
311 32
310 33
309 34
308 35
307 36
306 37
306 37
349 34
349 34
28 34
28 33
36 34
37 33
38 33
39 33
40 33
41 33
42 33
43 33
33 36
33 37
33 38
62 29
61 30
60 31
59 32
58 33
57 34
56 35
55 36
55 36
131 38
130 37
130 37
141 32
141 32
161 31
162 30
162 29
162 28
162 27
413 34
413 35
413 36
413 37
413 38
413 39
451 34
451 33
451 32
451 31
451 30
519 32
520 32
521 32
522 32
523 32
524 32
525 32
526 32
527 32
528 32
529 33
530 34
531 35
532 36
533 37
534 37
535 37
536 37
551 25
552 26
553 27
553 28
553 29
553 30
553 31
553 32
553 33
553 34
553 35
553 36
553 37
553 38
6 34
6 35
6 36
6 37
6 38
6 39
36 32
36 31
36 30
249 38
250 39
251 40
251 40
291 35
290 36
289 37
289 38
289 39
288 36
287 36
293 35
294 36
295 36
296 36
297 36
298 36
344 39
344 39
354 35
355 36
355 37
355 38
355 39
352 31
352 31
405 34
404 35
403 36
402 37
401 38
400 38
399 38
398 38
397 38
396 38
410 32
410 31
443 37
442 38
441 38
440 38
99 36
98 37
97 38
96 39
96 40
96 41
142 33
143 34
144 35
145 36
145 37
145 38
145 39
145 40
208 28
208 29
208 30
208 31
208 32
208 33
208 34
208 35
229 35
229 36
229 37
229 38
229 39
247 37
246 37
245 37
244 37
243 37
242 37
498 36
499 37
500 38
500 39
500 40
500 41
531 37
530 38
529 39
528 40
527 40
553 39
553 40
23 37
22 38
21 39
20 40
19 41
18 41
17 41
99 38
100 39
101 40
101 40
136 33
135 33
339 40
338 39
338 39
371 34
371 35
371 36
371 37
371 38
371 39
371 40
371 41
414 40
415 41
416 41
417 41
418 41
419 41
420 41
425 35
424 34
424 33
464 37
464 38
464 39
464 40
464 41
496 36
495 37
494 38
493 39
492 40
491 40
490 40
501 38
502 38
503 38
504 38
196 34
195 35
194 36
193 37
192 38
191 39
190 40
189 41
188 42
188 42
192 40
193 41
194 42
195 43
195 43
217 36
216 37
215 38
215 39
215 40
215 41
215 42
307 38
308 39
309 40
309 41
309 42
330 49
329 48
328 47
327 46
326 45
325 44
324 43
323 42
323 42
322 41
321 40
320 39
320 39
345 40
345 41
345 42
346 33
345 33
56 37
57 38
58 39
59 40
60 41
61 41
69 37
69 38
69 39
69 40
131 42
132 43
132 43
146 40
147 40
167 36
166 37
165 38
165 39
165 40
165 41
165 42
165 43
216
51 22
62 15
46 17
79 15
93 22
100 17
102 19
87 20
361 20
346 18
353 23
368 15
384 23
387 15
406 18
399 23
410 15
426 23
441 20
453 20
445 23
456 22
460 15
479 15
494 22
493 15
150 22
161 17
145 17
176 22
181 16
196 22
203 16
221 19
218 24
225 16
223 24
244 21
233 24
249 16
268 18
278 24
289 18
306 21
311 16
327 16
338 23
332 21
336 16
549 22
554 17
9 18
26 18
66 20
84 25
120 19
135 22
128 25
126 17
169 24
395 26
399 15
510 17
529 22
519 25
531 17
539 25
550 24
277 26
299 26
315 21
396 18
84 27
149 27
184 24
194 24
204 21
246 27
252 21
256 24
29 23
41 25
38 20
470 28
485 27
493 27
505 27
238 29
287 29
290 29
351 28
373 28
381 28
433 30
480 27
493 30
508 30
501 30
122 33
5 33
22 33
71 30
63 28
85 33
104 32
114 32
414 33
445 33
461 30
475 30
518 33
292 34
323 29
312 31
330 28
365 34
371 33
406 33
69 36
100 35
101 30
112 27
157 30
168 35
174 29
160 32
183 29
196 32
218 35
224 34
230 34
259 34
465 36
508 32
10 28
2 30
24 36
35 35
75 35
83 35
74 27
353 34
411 28
426 36
432 33
444 36
451 35
469 25
497 35
199 34
209 27
248 37
268 31
255 32
256 29
272 37
306 37
349 34
28 33
43 33
33 38
55 36
117 38
130 37
134 38
141 32
162 27
413 39
444 25
451 30
528 32
536 37
553 38
6 39
36 30
251 40
289 39
287 36
298 36
344 39
355 39
352 31
396 38
410 31
440 38
96 41
145 40
208 35
229 39
242 37
500 41
527 40
553 40
17 41
101 40
135 33
338 39
371 41
420 41
424 33
464 41
490 40
504 38
188 42
195 43
215 42
309 42
323 42
320 39
345 42
345 33
61 41
69 40
132 43
147 40
165 43
