1126
119 89
118 88
117 87
116 86
115 85
114 84
113 83
112 82
111 81
110 80
109 79
108 78
107 77
106 76
105 75
104 74
103 73
102 72
101 71
100 70
99 69
98 68
97 67
96 66
95 65
94 64
93 63
92 62
91 61
90 60
89 59
88 58
87 57
86 56
85 55
84 54
83 53
82 52
81 51
80 50
79 49
78 48
77 47
76 46
75 45
74 44
73 43
72 42
71 41
70 40
69 39
68 38
67 37
66 36
65 35
65 34
77 49
76 50
75 51
74 52
73 53
72 54
71 55
71 56
103 75
102 76
101 77
100 78
99 79
98 80
97 81
96 82
95 83
94 84
93 85
92 86
91 87
90 88
89 89
88 90
87 91
86 92
85 93
84 94
83 95
82 96
81 97
80 98
79 99
78 100
77 101
76 102
75 103
74 104
73 105
72 106
71 107
71 108
76 44
77 43
78 42
79 41
80 40
81 39
82 38
83 37
84 36
85 35
86 34
86 34
90 58
91 57
92 56
92 56
82 98
83 99
84 100
85 101
86 102
87 103
88 104
89 105
90 106
91 107
92 108
92 108
87 34
88 34
89 34
90 34
91 34
92 34
93 34
94 34
95 34
96 34
97 34
98 34
99 34
100 34
101 34
102 34
103 34
104 34
105 34
106 34
107 34
108 34
109 34
110 34
111 34
112 34
113 34
114 34
115 34
116 34
117 34
118 34
119 34
120 34
121 34
122 34
123 34
124 34
125 34
126 34
127 34
128 34
129 35
130 36
131 37
132 38
133 39
134 40
135 41
136 42
136 43
136 44
136 45
136 46
136 47
136 48
136 49
136 50
136 51
136 52
136 53
136 54
136 55
136 56
121 91
122 92
123 93
124 94
125 95
126 96
127 97
128 98
129 99
130 100
131 101
132 102
133 103
134 104
135 105
136 106
136 107
136 108
137 41
138 40
139 39
140 38
141 37
142 36
143 35
144 34
145 34
146 34
147 34
148 34
149 34
137 56
138 56
139 56
140 56
141 56
142 56
143 56
144 56
145 56
146 56
147 56
148 56
149 56
150 56
151 56
152 56
153 56
154 56
155 56
156 56
157 56
137 108
138 108
139 108
140 108
141 108
142 108
143 108
144 108
145 108
146 108
147 108
148 108
149 108
150 108
151 108
152 108
153 108
154 108
155 108
156 108
157 108
150 34
151 34
152 34
153 34
154 34
155 34
156 34
157 34
158 34
159 34
160 34
161 34
162 34
163 34
164 34
165 34
166 34
167 34
168 34
169 34
170 34
171 35
172 36
173 37
174 38
175 39
176 40
177 41
178 42
179 43
180 44
181 45
181 46
181 47
181 48
181 49
181 50
181 51
181 52
181 53
181 54
181 55
181 56
181 57
181 58
181 59
181 60
181 61
181 62
181 63
181 64
181 65
181 66
181 67
181 68
181 69
181 70
181 71
181 72
181 73
181 74
181 75
181 76
181 77
181 78
181 79
181 80
181 81
181 82
181 83
181 84
181 85
181 86
181 87
181 88
181 89
181 90
181 91
181 92
181 93
181 94
181 95
181 96
181 97
181 98
181 99
181 100
181 101
181 102
181 103
181 104
181 105
181 106
181 107
181 108
181 109
181 110
181 111
181 112
181 113
181 114
181 115
181 116
181 117
181 118
182 52
183 52
184 52
185 52
186 52
187 52
188 52
189 52
190 52
191 52
192 52
193 52
194 52
195 52
196 52
197 52
198 52
199 52
200 52
201 52
202 52
203 52
204 52
204 53
204 54
204 55
204 56
204 57
204 58
204 59
204 60
204 61
204 62
204 63
204 64
204 65
204 66
204 67
204 68
204 69
204 70
204 71
204 72
204 73
204 74
204 75
204 76
204 77
204 78
204 79
204 80
204 81
204 82
204 83
204 84
204 85
204 86
204 87
204 88
204 89
204 90
204 91
204 92
204 93
204 94
204 95
204 96
204 97
204 98
204 99
204 100
204 101
204 102
204 103
204 104
204 105
204 106
204 107
204 108
204 109
204 110
204 111
204 112
204 113
204 114
204 115
93 109
94 110
95 111
96 112
97 113
98 114
99 115
100 116
101 117
102 118
103 119
104 120
105 121
106 122
107 123
108 124
109 125
110 126
111 127
112 128
112 129
112 130
112 131
112 132
112 133
112 134
112 135
112 136
112 137
112 138
112 139
112 140
112 141
112 142
112 143
180 119
179 120
178 121
177 122
176 123
175 124
174 125
173 126
172 127
172 128
172 129
172 130
172 131
172 132
172 133
172 134
172 135
172 136
172 137
172 138
172 139
172 140
172 141
172 142
172 143
70 106
69 105
68 104
67 103
66 102
65 101
64 100
63 99
62 98
61 97
60 96
59 95
58 94
57 93
56 92
55 91
54 90
53 89
52 88
51 87
51 86
70 109
69 110
68 111
67 112
66 113
65 114
64 115
63 116
62 117
61 118
60 119
59 120
58 121
57 122
56 123
55 124
54 125
53 126
52 127
51 128
50 128
49 128
48 128
113 85
112 86
112 86
53 128
54 129
55 130
56 131
57 132
58 133
59 134
60 135
61 136
62 137
63 138
64 139
65 140
66 141
67 142
68 143
69 143
70 143
71 143
72 143
73 143
74 143
75 143
76 143
77 143
78 143
79 143
80 143
81 143
82 143
83 143
84 143
85 143
86 143
87 143
88 143
89 143
90 143
113 143
114 143
115 143
116 143
117 143
118 143
119 143
120 143
121 143
122 143
123 143
124 143
125 143
126 143
127 143
128 143
129 143
130 143
131 143
132 143
133 143
64 36
63 37
62 38
61 39
60 40
59 41
58 42
57 43
56 44
55 45
54 46
53 47
52 48
51 49
50 50
49 51
48 51
47 51
46 51
45 51
44 51
43 51
42 51
41 51
40 51
39 51
38 51
37 51
36 51
35 51
34 51
33 51
48 52
48 53
48 54
48 55
48 56
48 57
48 58
48 59
48 60
48 61
48 62
58 96
57 97
56 98
55 99
54 100
53 101
52 102
51 103
50 104
49 105
48 106
48 107
99 67
100 66
101 65
102 64
103 63
104 62
105 61
106 60
107 59
108 58
109 57
110 56
111 55
112 55
103 117
104 116
105 115
106 114
107 113
108 112
109 111
110 110
111 109
112 108
112 107
134 143
135 143
136 143
137 143
138 143
139 143
140 143
141 143
142 143
143 143
144 143
145 143
146 143
147 143
148 143
149 143
150 143
151 143
32 52
31 53
30 54
29 55
28 56
28 57
28 58
28 59
28 60
28 61
28 62
28 63
28 64
28 65
28 66
28 67
28 68
28 69
28 70
28 71
28 72
28 73
28 74
28 75
28 76
28 77
28 78
28 79
28 80
28 81
28 82
28 83
28 84
28 85
28 86
28 87
28 88
28 89
28 90
28 91
28 92
28 93
28 94
28 95
28 96
28 97
28 98
28 99
28 100
28 101
28 102
28 103
28 104
28 105
28 106
28 107
28 108
28 109
28 110
28 111
28 112
28 113
28 114
71 57
71 58
71 59
71 60
71 61
71 62
71 63
71 64
71 65
71 66
71 67
71 68
71 69
71 70
71 71
71 72
71 73
71 74
71 75
71 76
71 77
64 137
65 136
66 135
67 134
68 133
69 132
70 131
71 130
71 129
95 81
94 80
93 79
92 78
92 77
91 142
92 141
92 140
92 139
92 138
92 137
92 136
92 135
92 134
92 133
92 132
92 131
92 130
92 129
123 91
124 90
125 89
126 88
127 87
128 86
129 85
130 84
131 83
132 82
133 81
134 80
135 79
136 78
136 77
136 142
136 141
136 140
136 139
136 138
136 137
136 136
136 135
136 134
136 133
136 132
136 131
136 130
136 129
137 77
138 77
139 77
140 77
141 77
142 77
143 77
144 77
145 77
146 77
147 77
148 77
149 77
150 77
151 77
152 77
153 77
154 77
155 77
156 77
157 77
171 129
170 129
169 129
168 129
167 129
166 129
165 129
164 129
163 129
162 129
161 129
160 129
159 129
158 129
157 129
72 78
72 79
72 80
72 81
72 82
72 83
72 84
72 85
72 86
132 84
133 85
133 86
154 78
154 79
154 80
154 81
154 82
154 83
154 84
154 85
154 86
173 139
174 139
175 139
176 139
177 139
178 139
179 139
180 139
181 139
182 139
183 139
184 139
185 139
186 139
27 115
27 116
27 117
27 118
27 119
27 120
27 121
27 122
27 123
27 124
27 125
27 126
27 127
27 128
27 129
27 130
27 131
27 132
27 133
27 134
27 135
44 50
44 49
44 48
44 47
44 46
44 45
44 44
44 43
44 42
44 41
177 39
178 38
179 37
180 36
181 35
181 34
187 138
188 137
189 136
190 136
191 136
192 136
193 136
194 136
195 136
196 136
197 136
205 116
206 117
207 118
208 119
209 120
210 121
211 122
212 123
213 124
214 125
215 125
106 58
105 57
104 56
103 56
107 111
106 110
105 109
104 108
103 108
158 56
159 56
160 56
161 56
162 56
163 56
164 56
165 56
166 56
167 56
168 56
158 108
159 108
160 108
161 108
162 108
163 108
164 108
165 108
166 108
167 108
168 108
205 52
206 52
207 52
208 52
209 52
210 52
211 52
212 52
213 52
214 52
215 52
205 73
206 73
207 73
208 73
209 73
210 73
211 73
212 73
213 73
214 73
215 73
205 94
206 94
207 94
208 94
209 94
210 94
211 94
212 94
213 94
214 94
215 94
103 71
103 71
104 122
103 123
103 123
108 122
108 122
109 122
110 122
111 122
112 122
158 76
159 75
160 74
161 73
162 72
163 71
164 71
165 71
166 71
167 71
168 71
171 126
170 125
169 124
168 123
168 123
182 36
183 36
184 36
185 36
186 36
187 36
188 36
189 36
190 36
183 140
183 141
183 142
183 143
183 144
183 145
183 146
183 147
183 148
183 149
183 150
48 129
48 130
48 131
48 132
48 133
48 134
48 135
48 136
48 137
48 138
48 139
47 139
46 139
45 139
44 139
45 40
46 39
46 38
46 37
46 36
47 36
48 36
43 139
42 139
184 147
185 147
89
65 34
71 56
71 108
86 34
92 56
92 108
107 34
128 34
136 56
136 108
149 34
157 56
157 108
170 34
181 55
181 76
181 97
181 118
204 52
204 73
204 94
204 115
112 143
172 143
51 86
48 128
112 86
69 143
90 143
133 143
33 51
48 62
48 107
112 55
112 107
151 143
28 72
28 93
28 114
71 77
71 129
92 77
92 129
136 77
136 129
157 77
157 129
72 86
133 86
154 86
91 86
186 139
27 135
44 41
181 34
197 136
215 125
103 56
103 108
168 56
168 108
215 52
215 73
215 94
103 71
103 123
106 122
107 122
108 122
109 122
110 122
111 122
112 122
168 71
168 123
190 36
183 150
48 139
46 139
47 139
184 148
44 139
45 139
46 36
47 36
48 36
42 139
43 139
185 147
